[2026-06-21T10:07:45.050Z] [INFO] Test message for Vitest 0.021163687724229607 | Context: {"testKey":"testVal"}
[2026-06-21T10:07:45.052Z] [ERROR] Test error message for Vitest 0.25509231792037457
[2026-06-21T10:07:45.364Z] [INFO] ERP sync started | Context: {"batchId":"b64c377f-5f05-471b-a7a4-78a3c9b4c8e2","fileName":"test-import.csv","fileType":"CSV","totalRows":1}
[2026-06-21T10:07:45.381Z] [INFO] ERP sync batch processed successfully | Context: {"batchId":"b64c377f-5f05-471b-a7a4-78a3c9b4c8e2","count":1,"progress":"1/1"}
[2026-06-21T10:07:45.382Z] [INFO] ERP sync checking deactivations | Context: {"batchId":"b64c377f-5f05-471b-a7a4-78a3c9b4c8e2"}
[2026-06-21T10:07:45.384Z] [INFO] Info request status toggled | Context: {"requestId":"75fb797f-9184-4454-979e-9c41479635b2","status":"ATTENDED"}
[2026-06-21T10:07:45.388Z] [INFO] ERP sync finished | Context: {"batchId":"b64c377f-5f05-471b-a7a4-78a3c9b4c8e2","success":true,"successCount":1,"errorCount":0}
[2026-06-21T10:07:45.392Z] [INFO] Info request status toggled | Context: {"requestId":"75fb797f-9184-4454-979e-9c41479635b2","status":"NEW"}
[2026-06-21T10:07:45.393Z] [ERROR] Error revalidando rutas tras importación exitosa | Context: {"batchId":"b64c377f-5f05-471b-a7a4-78a3c9b4c8e2","error":"Invariant: static generation store missing in revalidatePath /"}
[2026-06-21T10:07:45.396Z] [INFO] Article active status toggled | Context: {"articleId":"cf83a2b1-fe1c-43b0-b0b1-f7f1bb4f9d8b","isActive":false}
[2026-06-21T10:07:45.400Z] [INFO] Article active status toggled | Context: {"articleId":"cf83a2b1-fe1c-43b0-b0b1-f7f1bb4f9d8b","isActive":true}
[2026-06-21T10:07:45.402Z] [ERROR] Article active status toggle failed | Context: {"articleId":"cf83a2b1-fe1c-43b0-b0b1-f7f1bb4f9d8b","error":"No autorizado. Se requiere rol de administrador."}
[2026-06-21T10:07:45.403Z] [INFO] ERP sync started | Context: {"batchId":"af015d5e-9e5e-4702-9a4e-264bc221924a","fileName":"test-import-deact.csv","fileType":"CSV","totalRows":1}
[2026-06-21T10:07:45.406Z] [INFO] Menu item created | Context: {"label":"New Dynamic Link","href":"/dynamic-path"}
[2026-06-21T10:07:45.407Z] [INFO] B2C User registered successfully | Context: {"email":"test-b2c-actions@example.com","userId":"2c69e845-d1e2-4b5d-a271-f4247486978b"}
[2026-06-21T10:07:45.413Z] [ERROR] Menu item creation failed | Context: {"label":"Dynamic Link unauthorized","error":"No autorizado. Se requiere rol de administrador."}
[2026-06-21T10:07:45.417Z] [INFO] Menu item updated | Context: {"id":"e97f7f5e-23e8-42c1-9238-84b4a7dba0e8","label":"Test Link 1 (Updated)","href":"/test-1-updated"}
[2026-06-21T10:07:45.418Z] [INFO] ERP sync batch processed successfully | Context: {"batchId":"af015d5e-9e5e-4702-9a4e-264bc221924a","count":1,"progress":"1/1"}
[2026-06-21T10:07:45.418Z] [INFO] ERP sync checking deactivations | Context: {"batchId":"af015d5e-9e5e-4702-9a4e-264bc221924a"}
[2026-06-21T10:07:45.421Z] [INFO] Favorite status toggled | Context: {"userId":"355f7f50-ab31-480d-a25c-7ba47f0128d9","articleId":"6b5cb7ed-27fe-4147-9985-10ad307aa423","isFavorited":true}
[2026-06-21T10:07:45.423Z] [INFO] Menu item status toggled | Context: {"id":"a6aa2fdf-be09-445c-b1d7-5187aa00d7d2","isActive":true}
[2026-06-21T10:07:45.424Z] [INFO] ERP sync finished | Context: {"batchId":"af015d5e-9e5e-4702-9a4e-264bc221924a","success":true,"successCount":1,"errorCount":0}
[2026-06-21T10:07:45.426Z] [INFO] Menu item status toggled | Context: {"id":"a6aa2fdf-be09-445c-b1d7-5187aa00d7d2","isActive":false}
[2026-06-21T10:07:45.427Z] [INFO] Favorite status toggled | Context: {"userId":"355f7f50-ab31-480d-a25c-7ba47f0128d9","articleId":"6b5cb7ed-27fe-4147-9985-10ad307aa423","isFavorited":false}
[2026-06-21T10:07:45.427Z] [ERROR] Error revalidando rutas tras importación exitosa | Context: {"batchId":"af015d5e-9e5e-4702-9a4e-264bc221924a","error":"Invariant: static generation store missing in revalidatePath /"}
[2026-06-21T10:07:45.435Z] [INFO] Menu item deleted | Context: {"id":"d32a7de2-917d-4e72-a001-11365b4ea2b7"}
[2026-06-21T10:07:45.437Z] [INFO] Info request submitted successfully | Context: {"name":"Catalog Tester","email":"catalog-tester@example.com","articleId":"6b5cb7ed-27fe-4147-9985-10ad307aa423"}
[2026-06-21T10:07:45.460Z] [INFO] B2B Company registration requested successfully | Context: {"email":"test-b2b-actions@example.com","userId":"ed58dac1-8954-415c-b369-f1ecc6d43e12","companyId":"f7904bba-bd89-447e-8511-a7d5a20463a1","legalName":"Test B2B Corp","taxId":"A88888888"}
[2026-06-21T10:07:45.477Z] [INFO] B2B account approved by admin | Context: {"userId":"ed58dac1-8954-415c-b369-f1ecc6d43e12","priceListCode":"PRO_ad10a22a","adminId":"eb744767-25c8-4f8a-b608-395701611bcd","companyId":"f7904bba-bd89-447e-8511-a7d5a20463a1"}
[2026-06-21T10:07:51.878Z] [INFO] Test message for Vitest 0.9974171725279593 | Context: {"testKey":"testVal"}
[2026-06-21T10:07:51.880Z] [ERROR] Test error message for Vitest 0.3016155607718828
[2026-06-21T10:07:52.180Z] [INFO] ERP sync started | Context: {"batchId":"13b89d9d-93c6-4644-b507-2991f7ff54ad","fileName":"test-import.csv","fileType":"CSV","totalRows":1}
[2026-06-21T10:07:52.199Z] [INFO] ERP sync batch processed successfully | Context: {"batchId":"13b89d9d-93c6-4644-b507-2991f7ff54ad","count":1,"progress":"1/1"}
[2026-06-21T10:07:52.200Z] [INFO] ERP sync checking deactivations | Context: {"batchId":"13b89d9d-93c6-4644-b507-2991f7ff54ad"}
[2026-06-21T10:07:52.204Z] [INFO] ERP sync finished | Context: {"batchId":"13b89d9d-93c6-4644-b507-2991f7ff54ad","success":true,"successCount":1,"errorCount":0}
[2026-06-21T10:07:52.207Z] [ERROR] Error revalidando rutas tras importación exitosa | Context: {"batchId":"13b89d9d-93c6-4644-b507-2991f7ff54ad","error":"Invariant: static generation store missing in revalidatePath /"}
[2026-06-21T10:07:52.207Z] [INFO] Info request status toggled | Context: {"requestId":"f4b6d005-1120-4ed1-a1ab-fd0dd2e73955","status":"ATTENDED"}
[2026-06-21T10:07:52.210Z] [INFO] B2C User registered successfully | Context: {"email":"test-b2c-actions@example.com","userId":"64b9d98e-2d38-40c3-a42e-6016f049cd98"}
[2026-06-21T10:07:52.213Z] [INFO] Info request status toggled | Context: {"requestId":"f4b6d005-1120-4ed1-a1ab-fd0dd2e73955","status":"NEW"}
[2026-06-21T10:07:52.217Z] [INFO] Article active status toggled | Context: {"articleId":"08007b78-6838-46ce-9c2c-5fc0b0a13d72","isActive":false}
[2026-06-21T10:07:52.218Z] [INFO] ERP sync started | Context: {"batchId":"9857f868-b8ce-46bc-a3a8-c17531b9ca8d","fileName":"test-import-deact.csv","fileType":"CSV","totalRows":1}
[2026-06-21T10:07:52.222Z] [INFO] Article active status toggled | Context: {"articleId":"08007b78-6838-46ce-9c2c-5fc0b0a13d72","isActive":true}
[2026-06-21T10:07:52.224Z] [ERROR] Article active status toggle failed | Context: {"articleId":"08007b78-6838-46ce-9c2c-5fc0b0a13d72","error":"No autorizado. Se requiere rol de administrador."}
[2026-06-21T10:07:52.226Z] [INFO] Menu item created | Context: {"label":"New Dynamic Link","href":"/dynamic-path"}
[2026-06-21T10:07:52.233Z] [ERROR] Menu item creation failed | Context: {"label":"Dynamic Link unauthorized","error":"No autorizado. Se requiere rol de administrador."}
[2026-06-21T10:07:52.233Z] [INFO] ERP sync batch processed successfully | Context: {"batchId":"9857f868-b8ce-46bc-a3a8-c17531b9ca8d","count":1,"progress":"1/1"}
[2026-06-21T10:07:52.234Z] [INFO] ERP sync checking deactivations | Context: {"batchId":"9857f868-b8ce-46bc-a3a8-c17531b9ca8d"}
[2026-06-21T10:07:52.237Z] [INFO] Menu item updated | Context: {"id":"4ccd03b5-ac47-46f2-ac85-2a7cad3f7293","label":"Test Link 1 (Updated)","href":"/test-1-updated"}
[2026-06-21T10:07:52.237Z] [INFO] Favorite status toggled | Context: {"userId":"4b9afb64-938f-4e52-a1d2-3c5112fc05a6","articleId":"25a7ae19-a25d-4671-a928-595a487f238b","isFavorited":true}
[2026-06-21T10:07:52.238Z] [INFO] ERP sync finished | Context: {"batchId":"9857f868-b8ce-46bc-a3a8-c17531b9ca8d","success":true,"successCount":1,"errorCount":0}
[2026-06-21T10:07:52.241Z] [INFO] Menu item status toggled | Context: {"id":"48821229-8f2d-4b5f-9511-ef80fb43c90a","isActive":true}
[2026-06-21T10:07:52.241Z] [ERROR] Error revalidando rutas tras importación exitosa | Context: {"batchId":"9857f868-b8ce-46bc-a3a8-c17531b9ca8d","error":"Invariant: static generation store missing in revalidatePath /"}
[2026-06-21T10:07:52.244Z] [INFO] Favorite status toggled | Context: {"userId":"4b9afb64-938f-4e52-a1d2-3c5112fc05a6","articleId":"25a7ae19-a25d-4671-a928-595a487f238b","isFavorited":false}
[2026-06-21T10:07:52.245Z] [INFO] Menu item status toggled | Context: {"id":"48821229-8f2d-4b5f-9511-ef80fb43c90a","isActive":false}
[2026-06-21T10:07:52.251Z] [INFO] Info request submitted successfully | Context: {"name":"Catalog Tester","email":"catalog-tester@example.com","articleId":"25a7ae19-a25d-4671-a928-595a487f238b"}
[2026-06-21T10:07:52.253Z] [INFO] Menu item deleted | Context: {"id":"3a590290-46eb-4427-b348-f045cc3d0694"}
[2026-06-21T10:07:52.261Z] [INFO] B2B Company registration requested successfully | Context: {"email":"test-b2b-actions@example.com","userId":"a588133e-09cf-4b85-9600-1b4c266c0197","companyId":"7a149295-5795-4d7d-818c-5fe81e59402d","legalName":"Test B2B Corp","taxId":"A88888888"}
[2026-06-21T10:07:52.275Z] [INFO] B2B account approved by admin | Context: {"userId":"a588133e-09cf-4b85-9600-1b4c266c0197","priceListCode":"PRO_3906f46a","adminId":"663ee4a9-f811-4b1a-b5b8-3a7ce74648d5","companyId":"7a149295-5795-4d7d-818c-5fe81e59402d"}
[2026-06-21T10:13:42.872Z] [INFO] Test message for Vitest 0.841152213133607 | Context: {"testKey":"testVal"}
[2026-06-21T10:13:42.874Z] [ERROR] Test error message for Vitest 0.856251896349182
[2026-06-21T10:13:43.184Z] [INFO] ERP sync started | Context: {"batchId":"b8d3355e-e68c-43a4-a25a-a13bfd73f484","fileName":"test-import.csv","fileType":"CSV","totalRows":1}
[2026-06-21T10:13:43.202Z] [INFO] ERP sync batch processed successfully | Context: {"batchId":"b8d3355e-e68c-43a4-a25a-a13bfd73f484","count":1,"progress":"1/1"}
[2026-06-21T10:13:43.203Z] [INFO] ERP sync checking deactivations | Context: {"batchId":"b8d3355e-e68c-43a4-a25a-a13bfd73f484"}
[2026-06-21T10:13:43.205Z] [INFO] Info request status toggled | Context: {"requestId":"5b147fdc-b19c-463a-9dc6-62116b5dd723","status":"ATTENDED"}
[2026-06-21T10:13:43.207Z] [INFO] ERP sync finished | Context: {"batchId":"b8d3355e-e68c-43a4-a25a-a13bfd73f484","success":true,"successCount":1,"errorCount":0}
[2026-06-21T10:13:43.210Z] [INFO] Info request status toggled | Context: {"requestId":"5b147fdc-b19c-463a-9dc6-62116b5dd723","status":"NEW"}
[2026-06-21T10:13:43.210Z] [INFO] Menu item created | Context: {"label":"New Dynamic Link","href":"/dynamic-path"}
[2026-06-21T10:13:43.210Z] [ERROR] Error revalidando rutas tras importación exitosa | Context: {"batchId":"b8d3355e-e68c-43a4-a25a-a13bfd73f484","error":"Invariant: static generation store missing in revalidatePath /"}
[2026-06-21T10:13:43.215Z] [INFO] Article active status toggled | Context: {"articleId":"0a31a7bd-8c01-460d-80f3-337ab868cb45","isActive":false}
[2026-06-21T10:13:43.218Z] [ERROR] Menu item creation failed | Context: {"label":"Dynamic Link unauthorized","error":"No autorizado. Se requiere rol de administrador."}
[2026-06-21T10:13:43.220Z] [INFO] Article active status toggled | Context: {"articleId":"0a31a7bd-8c01-460d-80f3-337ab868cb45","isActive":true}
[2026-06-21T10:13:43.221Z] [INFO] ERP sync started | Context: {"batchId":"126bdd32-a894-470f-ac3b-35718d5c4fb8","fileName":"test-import-deact.csv","fileType":"CSV","totalRows":1}
[2026-06-21T10:13:43.222Z] [ERROR] Article active status toggle failed | Context: {"articleId":"0a31a7bd-8c01-460d-80f3-337ab868cb45","error":"No autorizado. Se requiere rol de administrador."}
[2026-06-21T10:13:43.222Z] [INFO] Menu item updated | Context: {"id":"f79a7eb2-17f8-4450-8835-8c999e430eed","label":"Test Link 1 (Updated)","href":"/test-1-updated"}
[2026-06-21T10:13:43.225Z] [INFO] Articles active status bulk toggled | Context: {"count":1,"isActive":false}
[2026-06-21T10:13:43.226Z] [INFO] B2C User registered successfully | Context: {"email":"test-b2c-actions@example.com","userId":"07c78f2e-2fd7-4eaa-a3b5-a72cd31af27e"}
[2026-06-21T10:13:43.227Z] [INFO] Menu item status toggled | Context: {"id":"145ad76d-8722-4d25-bea9-372c928c6d3a","isActive":true}
[2026-06-21T10:13:43.230Z] [INFO] Articles active status bulk toggled | Context: {"count":1,"isActive":true}
[2026-06-21T10:13:43.232Z] [INFO] Menu item status toggled | Context: {"id":"145ad76d-8722-4d25-bea9-372c928c6d3a","isActive":false}
[2026-06-21T10:13:43.232Z] [ERROR] Articles active status bulk toggle failed | Context: {"count":1,"error":"No autorizado. Se requiere rol de administrador."}
[2026-06-21T10:13:43.237Z] [INFO] ERP sync batch processed successfully | Context: {"batchId":"126bdd32-a894-470f-ac3b-35718d5c4fb8","count":1,"progress":"1/1"}
[2026-06-21T10:13:43.237Z] [INFO] ERP sync checking deactivations | Context: {"batchId":"126bdd32-a894-470f-ac3b-35718d5c4fb8"}
[2026-06-21T10:13:43.238Z] [INFO] Favorite status toggled | Context: {"userId":"d48abc2b-a8b3-4150-b497-acd77f8a6351","articleId":"afaaf920-b584-4b45-be43-0394589b9bbc","isFavorited":true}
[2026-06-21T10:13:43.239Z] [INFO] Menu item deleted | Context: {"id":"bd0d87d1-6cf9-44a0-a3f0-83db5dc61c4a"}
[2026-06-21T10:13:43.242Z] [INFO] ERP sync finished | Context: {"batchId":"126bdd32-a894-470f-ac3b-35718d5c4fb8","success":true,"successCount":1,"errorCount":0}
[2026-06-21T10:13:43.245Z] [ERROR] Error revalidando rutas tras importación exitosa | Context: {"batchId":"126bdd32-a894-470f-ac3b-35718d5c4fb8","error":"Invariant: static generation store missing in revalidatePath /"}
[2026-06-21T10:13:43.246Z] [INFO] Favorite status toggled | Context: {"userId":"d48abc2b-a8b3-4150-b497-acd77f8a6351","articleId":"afaaf920-b584-4b45-be43-0394589b9bbc","isFavorited":false}
[2026-06-21T10:13:43.252Z] [INFO] Info request submitted successfully | Context: {"name":"Catalog Tester","email":"catalog-tester@example.com","articleId":"afaaf920-b584-4b45-be43-0394589b9bbc"}
[2026-06-21T10:13:43.283Z] [INFO] B2B Company registration requested successfully | Context: {"email":"test-b2b-actions@example.com","userId":"45e77b6e-04d0-43bd-88fa-3a396173ab64","companyId":"03439f45-d366-43b6-970b-c85eb80fdee9","legalName":"Test B2B Corp","taxId":"A88888888"}
[2026-06-21T10:13:43.311Z] [INFO] B2B account approved by admin | Context: {"userId":"45e77b6e-04d0-43bd-88fa-3a396173ab64","priceListCode":"PRO_2c9ee816","adminId":"b4cafdb7-ffa1-4a6e-8dbe-adb749ccc0e3","companyId":"03439f45-d366-43b6-970b-c85eb80fdee9"}
[2026-06-21T10:13:54.510Z] [INFO] Test message for Vitest 0.9204989960251153 | Context: {"testKey":"testVal"}
[2026-06-21T10:13:54.512Z] [ERROR] Test error message for Vitest 0.37888915227625053
[2026-06-21T10:13:54.832Z] [INFO] ERP sync started | Context: {"batchId":"832efb5c-08c3-49d6-9da5-86e16a414746","fileName":"test-import.csv","fileType":"CSV","totalRows":1}
[2026-06-21T10:13:54.843Z] [INFO] Menu item created | Context: {"label":"New Dynamic Link","href":"/dynamic-path"}
[2026-06-21T10:13:54.850Z] [ERROR] Menu item creation failed | Context: {"label":"Dynamic Link unauthorized","error":"No autorizado. Se requiere rol de administrador."}
[2026-06-21T10:13:54.852Z] [INFO] ERP sync batch processed successfully | Context: {"batchId":"832efb5c-08c3-49d6-9da5-86e16a414746","count":1,"progress":"1/1"}
[2026-06-21T10:13:54.852Z] [INFO] ERP sync checking deactivations | Context: {"batchId":"832efb5c-08c3-49d6-9da5-86e16a414746"}
[2026-06-21T10:13:54.852Z] [INFO] Info request status toggled | Context: {"requestId":"8338a321-45c5-4c1b-898e-a6b1bf38b4ab","status":"ATTENDED"}
[2026-06-21T10:13:54.853Z] [INFO] Menu item updated | Context: {"id":"7ce55258-c67b-460a-a41f-0fad751397e9","label":"Test Link 1 (Updated)","href":"/test-1-updated"}
[2026-06-21T10:13:54.857Z] [INFO] ERP sync finished | Context: {"batchId":"832efb5c-08c3-49d6-9da5-86e16a414746","success":true,"successCount":1,"errorCount":0}
[2026-06-21T10:13:54.857Z] [INFO] Info request status toggled | Context: {"requestId":"8338a321-45c5-4c1b-898e-a6b1bf38b4ab","status":"NEW"}
[2026-06-21T10:13:54.858Z] [INFO] Menu item status toggled | Context: {"id":"583f23e1-0a86-4bb0-91ca-eb82691e07e8","isActive":true}
[2026-06-21T10:13:54.860Z] [ERROR] Error revalidando rutas tras importación exitosa | Context: {"batchId":"832efb5c-08c3-49d6-9da5-86e16a414746","error":"Invariant: static generation store missing in revalidatePath /"}
[2026-06-21T10:13:54.861Z] [INFO] Article active status toggled | Context: {"articleId":"12dd8799-0f2b-44e6-bd4b-2f12370863e3","isActive":false}
[2026-06-21T10:13:54.862Z] [INFO] Menu item status toggled | Context: {"id":"583f23e1-0a86-4bb0-91ca-eb82691e07e8","isActive":false}
[2026-06-21T10:13:54.865Z] [INFO] Article active status toggled | Context: {"articleId":"12dd8799-0f2b-44e6-bd4b-2f12370863e3","isActive":true}
[2026-06-21T10:13:54.867Z] [ERROR] Article active status toggle failed | Context: {"articleId":"12dd8799-0f2b-44e6-bd4b-2f12370863e3","error":"No autorizado. Se requiere rol de administrador."}
[2026-06-21T10:13:54.869Z] [INFO] Menu item deleted | Context: {"id":"d07b8583-284c-4c06-a194-1af964fd0d2a"}
[2026-06-21T10:13:54.870Z] [INFO] ERP sync started | Context: {"batchId":"750f452d-377d-496f-a4a9-147667d9a639","fileName":"test-import-deact.csv","fileType":"CSV","totalRows":1}
[2026-06-21T10:13:54.872Z] [INFO] Articles active status bulk toggled | Context: {"count":1,"isActive":false}
[2026-06-21T10:13:54.872Z] [INFO] B2C User registered successfully | Context: {"email":"test-b2c-actions@example.com","userId":"0827cb94-8d08-49bb-8fe9-fc5808000e55"}
[2026-06-21T10:13:54.877Z] [INFO] Articles active status bulk toggled | Context: {"count":1,"isActive":true}
[2026-06-21T10:13:54.879Z] [ERROR] Articles active status bulk toggle failed | Context: {"count":1,"error":"No autorizado. Se requiere rol de administrador."}
[2026-06-21T10:13:54.885Z] [INFO] ERP sync batch processed successfully | Context: {"batchId":"750f452d-377d-496f-a4a9-147667d9a639","count":1,"progress":"1/1"}
[2026-06-21T10:13:54.885Z] [INFO] ERP sync checking deactivations | Context: {"batchId":"750f452d-377d-496f-a4a9-147667d9a639"}
[2026-06-21T10:13:54.891Z] [INFO] ERP sync finished | Context: {"batchId":"750f452d-377d-496f-a4a9-147667d9a639","success":true,"successCount":1,"errorCount":0}
[2026-06-21T10:13:54.892Z] [INFO] Favorite status toggled | Context: {"userId":"dddcd4bc-1fc8-467c-9056-084cae249437","articleId":"45233767-9a5d-4edc-bd1c-34316f0e5cbb","isFavorited":true}
[2026-06-21T10:13:54.894Z] [ERROR] Error revalidando rutas tras importación exitosa | Context: {"batchId":"750f452d-377d-496f-a4a9-147667d9a639","error":"Invariant: static generation store missing in revalidatePath /"}
[2026-06-21T10:13:54.899Z] [INFO] Favorite status toggled | Context: {"userId":"dddcd4bc-1fc8-467c-9056-084cae249437","articleId":"45233767-9a5d-4edc-bd1c-34316f0e5cbb","isFavorited":false}
[2026-06-21T10:13:54.906Z] [INFO] Info request submitted successfully | Context: {"name":"Catalog Tester","email":"catalog-tester@example.com","articleId":"45233767-9a5d-4edc-bd1c-34316f0e5cbb"}
[2026-06-21T10:13:54.924Z] [INFO] B2B Company registration requested successfully | Context: {"email":"test-b2b-actions@example.com","userId":"3130067a-2920-43d3-8645-7ea2908e4148","companyId":"b7b56ab1-736b-45fe-a73c-a4fb562d9d66","legalName":"Test B2B Corp","taxId":"A88888888"}
[2026-06-21T10:13:54.939Z] [INFO] B2B account approved by admin | Context: {"userId":"3130067a-2920-43d3-8645-7ea2908e4148","priceListCode":"PRO_3bb1b6aa","adminId":"6cb2ec52-621c-48c1-9963-e7f3b62dcb7a","companyId":"b7b56ab1-736b-45fe-a73c-a4fb562d9d66"}
[2026-06-21T10:14:30.016Z] [INFO] Test message for Vitest 0.08443908671032596 | Context: {"testKey":"testVal"}
[2026-06-21T10:14:30.018Z] [ERROR] Test error message for Vitest 0.16435558649794546
[2026-06-21T10:14:41.519Z] [INFO] Test message for Vitest 0.43613406512675257 | Context: {"testKey":"testVal"}
[2026-06-21T10:14:41.521Z] [ERROR] Test error message for Vitest 0.6126923896773694
[2026-06-21T10:14:41.824Z] [INFO] ERP sync started | Context: {"batchId":"89faa709-7353-41c3-8b2b-4b6b07af2765","fileName":"test-import.csv","fileType":"CSV","totalRows":1}
[2026-06-21T10:14:41.841Z] [INFO] ERP sync batch processed successfully | Context: {"batchId":"89faa709-7353-41c3-8b2b-4b6b07af2765","count":1,"progress":"1/1"}
[2026-06-21T10:14:41.842Z] [INFO] ERP sync checking deactivations | Context: {"batchId":"89faa709-7353-41c3-8b2b-4b6b07af2765"}
[2026-06-21T10:14:41.845Z] [INFO] Info request status toggled | Context: {"requestId":"50d90f0e-ebc3-4fec-8e70-c78fce8b7c39","status":"ATTENDED"}
[2026-06-21T10:14:41.846Z] [INFO] ERP sync finished | Context: {"batchId":"89faa709-7353-41c3-8b2b-4b6b07af2765","success":true,"successCount":1,"errorCount":0}
[2026-06-21T10:14:41.851Z] [ERROR] Error revalidando rutas tras importación exitosa | Context: {"batchId":"89faa709-7353-41c3-8b2b-4b6b07af2765","error":"Invariant: static generation store missing in revalidatePath /"}
[2026-06-21T10:14:41.851Z] [INFO] Info request status toggled | Context: {"requestId":"50d90f0e-ebc3-4fec-8e70-c78fce8b7c39","status":"NEW"}
[2026-06-21T10:14:41.857Z] [INFO] Article active status toggled | Context: {"articleId":"b174ee21-1022-41a2-ba49-d0dd198745ec","isActive":false}
[2026-06-21T10:14:41.860Z] [INFO] ERP sync started | Context: {"batchId":"0da4b008-1194-4589-a747-67d62d0f1b9d","fileName":"test-import-deact.csv","fileType":"CSV","totalRows":1}
[2026-06-21T10:14:41.861Z] [INFO] Article active status toggled | Context: {"articleId":"b174ee21-1022-41a2-ba49-d0dd198745ec","isActive":true}
[2026-06-21T10:14:41.863Z] [INFO] Menu item created | Context: {"label":"New Dynamic Link","href":"/dynamic-path"}
[2026-06-21T10:14:41.864Z] [ERROR] Article active status toggle failed | Context: {"articleId":"b174ee21-1022-41a2-ba49-d0dd198745ec","error":"No autorizado. Se requiere rol de administrador."}
[2026-06-21T10:14:41.865Z] [INFO] B2C User registered successfully | Context: {"email":"test-b2c-actions@example.com","userId":"767b4c4f-2813-4a08-a477-f6f0ed1d002e"}
[2026-06-21T10:14:41.867Z] [INFO] Articles active status bulk toggled | Context: {"count":1,"isActive":false}
[2026-06-21T10:14:41.871Z] [ERROR] Menu item creation failed | Context: {"label":"Dynamic Link unauthorized","error":"No autorizado. Se requiere rol de administrador."}
[2026-06-21T10:14:41.872Z] [INFO] Articles active status bulk toggled | Context: {"count":1,"isActive":true}
[2026-06-21T10:14:41.874Z] [ERROR] Articles active status bulk toggle failed | Context: {"count":1,"error":"No autorizado. Se requiere rol de administrador."}
[2026-06-21T10:14:41.876Z] [INFO] Menu item updated | Context: {"id":"f665a5ca-c1c7-4d48-8911-1b29602cc255","label":"Test Link 1 (Updated)","href":"/test-1-updated"}
[2026-06-21T10:14:41.878Z] [INFO] ERP sync batch processed successfully | Context: {"batchId":"0da4b008-1194-4589-a747-67d62d0f1b9d","count":1,"progress":"1/1"}
[2026-06-21T10:14:41.879Z] [INFO] ERP sync checking deactivations | Context: {"batchId":"0da4b008-1194-4589-a747-67d62d0f1b9d"}
[2026-06-21T10:14:41.887Z] [INFO] ERP sync finished | Context: {"batchId":"0da4b008-1194-4589-a747-67d62d0f1b9d","success":true,"successCount":1,"errorCount":0}
[2026-06-21T10:14:41.887Z] [INFO] Menu item status toggled | Context: {"id":"3e67f307-3347-43f2-b286-f4269df83c70","isActive":true}
[2026-06-21T10:14:41.887Z] [INFO] Favorite status toggled | Context: {"userId":"a40e1a4c-500d-4d62-bd43-12124618098d","articleId":"f39133db-3d7b-47b2-927d-03a251af4263","isFavorited":true}
[2026-06-21T10:14:41.893Z] [ERROR] Error revalidando rutas tras importación exitosa | Context: {"batchId":"0da4b008-1194-4589-a747-67d62d0f1b9d","error":"Invariant: static generation store missing in revalidatePath /"}
[2026-06-21T10:14:41.896Z] [INFO] Menu item status toggled | Context: {"id":"3e67f307-3347-43f2-b286-f4269df83c70","isActive":false}
[2026-06-21T10:14:41.900Z] [INFO] Favorite status toggled | Context: {"userId":"a40e1a4c-500d-4d62-bd43-12124618098d","articleId":"f39133db-3d7b-47b2-927d-03a251af4263","isFavorited":false}
[2026-06-21T10:14:41.905Z] [INFO] Menu item deleted | Context: {"id":"0d051e59-9a5b-41b8-9e26-7ab3b7f6702d"}
[2026-06-21T10:14:41.907Z] [INFO] Info request submitted successfully | Context: {"name":"Catalog Tester","email":"catalog-tester@example.com","articleId":"f39133db-3d7b-47b2-927d-03a251af4263"}
[2026-06-21T10:14:41.920Z] [INFO] B2B Company registration requested successfully | Context: {"email":"test-b2b-actions@example.com","userId":"967bc298-36d7-45b0-9697-0068f1ee42fd","companyId":"bdda6dd1-2a64-4035-bd1b-618495a5709c","legalName":"Test B2B Corp","taxId":"A88888888"}
[2026-06-21T10:14:41.952Z] [INFO] B2B account approved by admin | Context: {"userId":"967bc298-36d7-45b0-9697-0068f1ee42fd","priceListCode":"PRO_ffca76d0","adminId":"b0d0ffe2-2935-4719-838b-868591d0ccde","companyId":"bdda6dd1-2a64-4035-bd1b-618495a5709c"}
[2026-06-21T10:14:51.632Z] [INFO] Test message for Vitest 0.7056978876341411 | Context: {"testKey":"testVal"}
[2026-06-21T10:14:51.634Z] [ERROR] Test error message for Vitest 0.5728755794252086
[2026-06-21T10:14:51.936Z] [INFO] ERP sync started | Context: {"batchId":"760b619b-2a44-4c1b-9c83-ce0b688afa5c","fileName":"test-import.csv","fileType":"CSV","totalRows":1}
[2026-06-21T10:14:51.953Z] [INFO] Menu item created | Context: {"label":"New Dynamic Link","href":"/dynamic-path"}
[2026-06-21T10:14:51.954Z] [INFO] ERP sync batch processed successfully | Context: {"batchId":"760b619b-2a44-4c1b-9c83-ce0b688afa5c","count":1,"progress":"1/1"}
[2026-06-21T10:14:51.955Z] [INFO] ERP sync checking deactivations | Context: {"batchId":"760b619b-2a44-4c1b-9c83-ce0b688afa5c"}
[2026-06-21T10:14:51.959Z] [ERROR] Menu item creation failed | Context: {"label":"Dynamic Link unauthorized","error":"No autorizado. Se requiere rol de administrador."}
[2026-06-21T10:14:51.960Z] [INFO] ERP sync finished | Context: {"batchId":"760b619b-2a44-4c1b-9c83-ce0b688afa5c","success":true,"successCount":1,"errorCount":0}
[2026-06-21T10:14:51.962Z] [ERROR] Error revalidando rutas tras importación exitosa | Context: {"batchId":"760b619b-2a44-4c1b-9c83-ce0b688afa5c","error":"Invariant: static generation store missing in revalidatePath /"}
[2026-06-21T10:14:51.963Z] [INFO] Menu item updated | Context: {"id":"ded8874d-b2f0-4de6-9aa7-acab45711944","label":"Test Link 1 (Updated)","href":"/test-1-updated"}
[2026-06-21T10:14:51.967Z] [INFO] Menu item status toggled | Context: {"id":"3166aec3-2ab0-4fcf-81cf-ea228e362ad3","isActive":true}
[2026-06-21T10:14:51.969Z] [INFO] Info request status toggled | Context: {"requestId":"fc3d0db2-07f2-47ec-a5d3-c04a5b9684d8","status":"ATTENDED"}
[2026-06-21T10:14:51.971Z] [INFO] Menu item status toggled | Context: {"id":"3166aec3-2ab0-4fcf-81cf-ea228e362ad3","isActive":false}
[2026-06-21T10:14:51.973Z] [INFO] ERP sync started | Context: {"batchId":"ab3a76b5-8017-4988-9caf-e17f19f34466","fileName":"test-import-deact.csv","fileType":"CSV","totalRows":1}
[2026-06-21T10:14:51.974Z] [INFO] Info request status toggled | Context: {"requestId":"fc3d0db2-07f2-47ec-a5d3-c04a5b9684d8","status":"NEW"}
[2026-06-21T10:14:51.976Z] [INFO] B2C User registered successfully | Context: {"email":"test-b2c-actions@example.com","userId":"34b7dc6d-9077-4361-b99a-da168fc363b1"}
[2026-06-21T10:14:51.978Z] [INFO] Article active status toggled | Context: {"articleId":"e4abde01-cde7-439b-b25e-5dda8408d4a9","isActive":false}
[2026-06-21T10:14:51.979Z] [INFO] Menu item deleted | Context: {"id":"0f23fddf-96bd-4e96-b23d-a36b2e96c4f4"}
[2026-06-21T10:14:51.982Z] [INFO] Article active status toggled | Context: {"articleId":"e4abde01-cde7-439b-b25e-5dda8408d4a9","isActive":true}
[2026-06-21T10:14:51.984Z] [ERROR] Article active status toggle failed | Context: {"articleId":"e4abde01-cde7-439b-b25e-5dda8408d4a9","error":"No autorizado. Se requiere rol de administrador."}
[2026-06-21T10:14:51.987Z] [INFO] ERP sync batch processed successfully | Context: {"batchId":"ab3a76b5-8017-4988-9caf-e17f19f34466","count":1,"progress":"1/1"}
[2026-06-21T10:14:51.987Z] [INFO] ERP sync checking deactivations | Context: {"batchId":"ab3a76b5-8017-4988-9caf-e17f19f34466"}
[2026-06-21T10:14:51.988Z] [INFO] Articles active status bulk toggled | Context: {"count":1,"isActive":false}
[2026-06-21T10:14:51.991Z] [INFO] ERP sync finished | Context: {"batchId":"ab3a76b5-8017-4988-9caf-e17f19f34466","success":true,"successCount":1,"errorCount":0}
[2026-06-21T10:14:51.993Z] [INFO] Articles active status bulk toggled | Context: {"count":1,"isActive":true}
[2026-06-21T10:14:51.993Z] [INFO] Favorite status toggled | Context: {"userId":"d27b2caa-93d4-40dc-ae06-cfd3622b493c","articleId":"300e5091-c23e-4707-acbe-3e1a6fd0f72f","isFavorited":true}
[2026-06-21T10:14:51.994Z] [ERROR] Error revalidando rutas tras importación exitosa | Context: {"batchId":"ab3a76b5-8017-4988-9caf-e17f19f34466","error":"Invariant: static generation store missing in revalidatePath /"}
[2026-06-21T10:14:51.995Z] [ERROR] Articles active status bulk toggle failed | Context: {"count":1,"error":"No autorizado. Se requiere rol de administrador."}
[2026-06-21T10:14:52.005Z] [INFO] Favorite status toggled | Context: {"userId":"d27b2caa-93d4-40dc-ae06-cfd3622b493c","articleId":"300e5091-c23e-4707-acbe-3e1a6fd0f72f","isFavorited":false}
[2026-06-21T10:14:52.013Z] [INFO] Info request submitted successfully | Context: {"name":"Catalog Tester","email":"catalog-tester@example.com","articleId":"300e5091-c23e-4707-acbe-3e1a6fd0f72f"}
[2026-06-21T10:14:52.029Z] [INFO] B2B Company registration requested successfully | Context: {"email":"test-b2b-actions@example.com","userId":"77d1b8a2-0f0d-4a01-bfed-b75211814bde","companyId":"6385170f-2615-4c01-9162-aa5053733880","legalName":"Test B2B Corp","taxId":"A88888888"}
[2026-06-21T10:14:52.043Z] [INFO] B2B account approved by admin | Context: {"userId":"77d1b8a2-0f0d-4a01-bfed-b75211814bde","priceListCode":"PRO_b92ecea2","adminId":"083dc359-b0e3-4673-88f7-7a23458e7c96","companyId":"6385170f-2615-4c01-9162-aa5053733880"}
[2026-06-21T10:16:38.462Z] [INFO] Articles active status bulk toggled | Context: {"count":20,"isActive":true}
[2026-06-21T10:23:22.673Z] [INFO] Test message for Vitest 0.5250335823156473 | Context: {"testKey":"testVal"}
[2026-06-21T10:23:22.675Z] [ERROR] Test error message for Vitest 0.23608238850862684
[2026-06-21T10:23:22.980Z] [INFO] ERP sync started | Context: {"batchId":"a170187e-084e-47b7-af8b-388075b591d6","fileName":"test-import.csv","fileType":"CSV","totalRows":1}
[2026-06-21T10:23:22.998Z] [INFO] Info request status toggled | Context: {"requestId":"6ffd34e5-6e3e-49cc-adf7-7b74bf2ab2e3","status":"ATTENDED"}
[2026-06-21T10:23:23.001Z] [INFO] ERP sync batch processed successfully | Context: {"batchId":"a170187e-084e-47b7-af8b-388075b591d6","count":1,"progress":"1/1"}
[2026-06-21T10:23:23.001Z] [INFO] ERP sync checking deactivations | Context: {"batchId":"a170187e-084e-47b7-af8b-388075b591d6"}
[2026-06-21T10:23:23.004Z] [INFO] Info request status toggled | Context: {"requestId":"6ffd34e5-6e3e-49cc-adf7-7b74bf2ab2e3","status":"NEW"}
[2026-06-21T10:23:23.007Z] [INFO] ERP sync finished | Context: {"batchId":"a170187e-084e-47b7-af8b-388075b591d6","success":true,"successCount":1,"errorCount":0}
[2026-06-21T10:23:23.008Z] [INFO] Article active status toggled | Context: {"articleId":"0728c6cb-0e35-48b9-9166-fac75fced678","isActive":false}
[2026-06-21T10:23:23.009Z] [INFO] Menu item created | Context: {"label":"New Dynamic Link","href":"/dynamic-path"}
[2026-06-21T10:23:23.010Z] [INFO] B2C User registered successfully | Context: {"email":"test-b2c-actions@example.com","userId":"629bfebb-46c0-4c26-9b07-72079eb360f3"}
[2026-06-21T10:23:23.011Z] [ERROR] Error revalidando rutas tras importación exitosa | Context: {"batchId":"a170187e-084e-47b7-af8b-388075b591d6","error":"Invariant: static generation store missing in revalidatePath /"}
[2026-06-21T10:23:23.012Z] [INFO] Article active status toggled | Context: {"articleId":"0728c6cb-0e35-48b9-9166-fac75fced678","isActive":true}
[2026-06-21T10:23:23.014Z] [ERROR] Article active status toggle failed | Context: {"articleId":"0728c6cb-0e35-48b9-9166-fac75fced678","error":"No autorizado. Se requiere rol de administrador."}
[2026-06-21T10:23:23.016Z] [ERROR] Menu item creation failed | Context: {"label":"Dynamic Link unauthorized","error":"No autorizado. Se requiere rol de administrador."}
[2026-06-21T10:23:23.018Z] [INFO] Articles active status bulk toggled | Context: {"count":1,"isActive":false}
[2026-06-21T10:23:23.022Z] [INFO] Articles active status bulk toggled | Context: {"count":1,"isActive":true}
[2026-06-21T10:23:23.022Z] [INFO] ERP sync started | Context: {"batchId":"4097d398-93fe-41ba-bb08-1302d2a5c3c7","fileName":"test-import-deact.csv","fileType":"CSV","totalRows":1}
[2026-06-21T10:23:23.021Z] [INFO] Menu item updated | Context: {"id":"9725d554-1a7b-4ae4-beff-53f2c40775ba","label":"Test Link 1 (Updated)","href":"/test-1-updated"}
[2026-06-21T10:23:23.024Z] [ERROR] Articles active status bulk toggle failed | Context: {"count":1,"error":"No autorizado. Se requiere rol de administrador."}
[2026-06-21T10:23:23.026Z] [INFO] Menu item status toggled | Context: {"id":"5610c368-cf14-4a2b-a0d6-f8324286e90e","isActive":true}
[2026-06-21T10:23:23.031Z] [INFO] Menu item status toggled | Context: {"id":"5610c368-cf14-4a2b-a0d6-f8324286e90e","isActive":false}
[2026-06-21T10:23:23.037Z] [INFO] ERP sync batch processed successfully | Context: {"batchId":"4097d398-93fe-41ba-bb08-1302d2a5c3c7","count":1,"progress":"1/1"}
[2026-06-21T10:23:23.037Z] [INFO] ERP sync checking deactivations | Context: {"batchId":"4097d398-93fe-41ba-bb08-1302d2a5c3c7"}
[2026-06-21T10:23:23.038Z] [INFO] Menu item deleted | Context: {"id":"ead0f860-30e7-479b-95fe-075628c8aaf7"}
[2026-06-21T10:23:23.042Z] [INFO] ERP sync finished | Context: {"batchId":"4097d398-93fe-41ba-bb08-1302d2a5c3c7","success":true,"successCount":1,"errorCount":0}
[2026-06-21T10:23:23.046Z] [ERROR] Error revalidando rutas tras importación exitosa | Context: {"batchId":"4097d398-93fe-41ba-bb08-1302d2a5c3c7","error":"Invariant: static generation store missing in revalidatePath /"}
[2026-06-21T10:23:23.046Z] [INFO] Favorite status toggled | Context: {"userId":"a870d9e3-39f5-4032-ad48-2915f41a72b9","articleId":"9d6ab2b9-2994-4595-af63-f9e9a116ee9b","isFavorited":true}
[2026-06-21T10:23:23.058Z] [INFO] Favorite status toggled | Context: {"userId":"a870d9e3-39f5-4032-ad48-2915f41a72b9","articleId":"9d6ab2b9-2994-4595-af63-f9e9a116ee9b","isFavorited":false}
[2026-06-21T10:23:23.063Z] [INFO] B2B Company registration requested successfully | Context: {"email":"test-b2b-actions@example.com","userId":"af3ff30c-0821-416e-ba6d-5f43ce105dec","companyId":"145731a7-b786-430a-bc31-456a43d2860a","legalName":"Test B2B Corp","taxId":"A88888888"}
[2026-06-21T10:23:23.066Z] [INFO] Info request submitted successfully | Context: {"name":"Catalog Tester","email":"catalog-tester@example.com","articleId":"9d6ab2b9-2994-4595-af63-f9e9a116ee9b"}
[2026-06-21T10:23:23.079Z] [INFO] B2B account approved by admin | Context: {"userId":"af3ff30c-0821-416e-ba6d-5f43ce105dec","priceListCode":"PRO_77e53cb5","adminId":"c2da7708-b154-4015-8e95-7eb43ddbea4a","companyId":"145731a7-b786-430a-bc31-456a43d2860a"}
[2026-06-21T10:35:04.368Z] [INFO] Test message for Vitest 0.46034278503577986 | Context: {"testKey":"testVal"}
[2026-06-21T10:35:04.370Z] [ERROR] Test error message for Vitest 0.07676175033812582
[2026-06-21T10:35:04.683Z] [INFO] ERP sync started | Context: {"batchId":"51065843-fb17-452c-9d3a-1c6ad9bc9505","fileName":"test-import.csv","fileType":"CSV","totalRows":1}
[2026-06-21T10:35:04.693Z] [INFO] Menu item created | Context: {"label":"New Dynamic Link","href":"/dynamic-path"}
[2026-06-21T10:35:04.699Z] [ERROR] Menu item creation failed | Context: {"label":"Dynamic Link unauthorized","error":"No autorizado. Se requiere rol de administrador."}
[2026-06-21T10:35:04.700Z] [INFO] B2C User registered successfully | Context: {"email":"test-b2c-actions@example.com","userId":"92fdf0c4-432e-4905-bfeb-ca5bc3dfa595"}
[2026-06-21T10:35:04.701Z] [INFO] Info request status toggled | Context: {"requestId":"cee91a2c-d9bd-4c84-9605-31d6e35444fb","status":"ATTENDED"}
[2026-06-21T10:35:04.702Z] [INFO] ERP sync batch processed successfully | Context: {"batchId":"51065843-fb17-452c-9d3a-1c6ad9bc9505","count":1,"progress":"1/1"}
[2026-06-21T10:35:04.703Z] [INFO] ERP sync checking deactivations | Context: {"batchId":"51065843-fb17-452c-9d3a-1c6ad9bc9505"}
[2026-06-21T10:35:04.704Z] [INFO] Menu item updated | Context: {"id":"eb0091b2-8412-4bbc-aa01-b9b5822735a9","label":"Test Link 1 (Updated)","href":"/test-1-updated"}
[2026-06-21T10:35:04.706Z] [INFO] Info request status toggled | Context: {"requestId":"cee91a2c-d9bd-4c84-9605-31d6e35444fb","status":"NEW"}
[2026-06-21T10:35:04.707Z] [INFO] ERP sync finished | Context: {"batchId":"51065843-fb17-452c-9d3a-1c6ad9bc9505","success":true,"successCount":1,"errorCount":0}
[2026-06-21T10:35:04.708Z] [INFO] Menu item status toggled | Context: {"id":"5358c6c0-91dd-4131-902f-1ed6253dbf4f","isActive":true}
[2026-06-21T10:35:04.710Z] [INFO] Article active status toggled | Context: {"articleId":"eb3701a5-b40a-4792-ab32-0019ba9cca42","isActive":false}
[2026-06-21T10:35:04.711Z] [ERROR] Error revalidando rutas tras importación exitosa | Context: {"batchId":"51065843-fb17-452c-9d3a-1c6ad9bc9505","error":"Invariant: static generation store missing in revalidatePath /"}
[2026-06-21T10:35:04.712Z] [INFO] Menu item status toggled | Context: {"id":"5358c6c0-91dd-4131-902f-1ed6253dbf4f","isActive":false}
[2026-06-21T10:35:04.714Z] [INFO] Article active status toggled | Context: {"articleId":"eb3701a5-b40a-4792-ab32-0019ba9cca42","isActive":true}
[2026-06-21T10:35:04.716Z] [ERROR] Article active status toggle failed | Context: {"articleId":"eb3701a5-b40a-4792-ab32-0019ba9cca42","error":"No autorizado. Se requiere rol de administrador."}
[2026-06-21T10:35:04.718Z] [INFO] Menu item deleted | Context: {"id":"a7cf126a-4a57-4ca1-ac42-0fcbaa8d10bd"}
[2026-06-21T10:35:04.720Z] [INFO] Articles active status bulk toggled | Context: {"count":1,"isActive":false}
[2026-06-21T10:35:04.722Z] [INFO] ERP sync started | Context: {"batchId":"183ded4b-b7f7-4e6d-8c60-39c2bc359a80","fileName":"test-import-deact.csv","fileType":"CSV","totalRows":1}
[2026-06-21T10:35:04.724Z] [INFO] Favorite status toggled | Context: {"userId":"237e1fa7-b79f-4a19-9497-0193e22e55c5","articleId":"5cc9b7f6-3585-4899-a721-4d3473516d41","isFavorited":true}
[2026-06-21T10:35:04.725Z] [INFO] Articles active status bulk toggled | Context: {"count":1,"isActive":true}
[2026-06-21T10:35:04.727Z] [ERROR] Articles active status bulk toggle failed | Context: {"count":1,"error":"No autorizado. Se requiere rol de administrador."}
[2026-06-21T10:35:04.731Z] [INFO] Favorite status toggled | Context: {"userId":"237e1fa7-b79f-4a19-9497-0193e22e55c5","articleId":"5cc9b7f6-3585-4899-a721-4d3473516d41","isFavorited":false}
[2026-06-21T10:35:04.737Z] [INFO] Info request submitted successfully | Context: {"name":"Catalog Tester","email":"catalog-tester@example.com","articleId":"5cc9b7f6-3585-4899-a721-4d3473516d41"}
[2026-06-21T10:35:04.738Z] [INFO] ERP sync batch processed successfully | Context: {"batchId":"183ded4b-b7f7-4e6d-8c60-39c2bc359a80","count":1,"progress":"1/1"}
[2026-06-21T10:35:04.738Z] [INFO] ERP sync checking deactivations | Context: {"batchId":"183ded4b-b7f7-4e6d-8c60-39c2bc359a80"}
[2026-06-21T10:35:04.742Z] [INFO] ERP sync finished | Context: {"batchId":"183ded4b-b7f7-4e6d-8c60-39c2bc359a80","success":true,"successCount":1,"errorCount":0}
[2026-06-21T10:35:04.746Z] [ERROR] Error revalidando rutas tras importación exitosa | Context: {"batchId":"183ded4b-b7f7-4e6d-8c60-39c2bc359a80","error":"Invariant: static generation store missing in revalidatePath /"}
[2026-06-21T10:35:04.753Z] [INFO] B2B Company registration requested successfully | Context: {"email":"test-b2b-actions@example.com","userId":"6d0ad059-89ad-4386-835d-29b83e4dd705","companyId":"0d0f9248-bc0b-45f1-9c26-3db84f2a58eb","legalName":"Test B2B Corp","taxId":"A88888888"}
[2026-06-21T10:35:04.782Z] [INFO] B2B account approved by admin | Context: {"userId":"6d0ad059-89ad-4386-835d-29b83e4dd705","priceListCode":"PRO_c9d38ea7","adminId":"71259a79-b029-41c3-8907-391191faf6bc","companyId":"0d0f9248-bc0b-45f1-9c26-3db84f2a58eb"}
[2026-06-21T10:50:53.778Z] [ERROR] Info request submission failed | Context: {"email":"admin@ferreteria.local","error":"Failed query: insert into \"info_requests\" (\"id\", \"article_id\", \"user_id\", \"name\", \"email\", \"phone\", \"message\", \"store_id\", \"created_at\", \"status\") values (default, $1, $2, $3, $4, $5, $6, $7, default, $8)\nparams: b4594186-7422-444d-bc24-b4661ed176d8,6138c6b8-6b6a-4b41-9f16-8d98cf03272d,Administración,admin@ferreteria.local,,Hola, me gustaría solicitar información y presupuesto sobre el artículo \"Mueble bajo lavabo 80 cm\" (Referencia: BAN-MOB-001). Quedo a la espera de sus comentarios.,3da28f91-d73d-4914-8fab-954905480ac1,NEW"}
[2026-06-21T10:59:50.137Z] [INFO] Test message for Vitest 0.9241604465584652 | Context: {"testKey":"testVal"}
[2026-06-21T10:59:50.140Z] [ERROR] Test error message for Vitest 0.3219549937967098
[2026-06-21T10:59:50.464Z] [INFO] ERP sync started | Context: {"batchId":"52717bc5-3f2f-4c0e-8879-f59c67b5a2e4","fileName":"test-import.csv","fileType":"CSV","totalRows":1}
[2026-06-21T10:59:50.469Z] [INFO] Info request status toggled | Context: {"requestId":"8b9b1c41-1eeb-438a-9e84-44404f53e611","status":"ATTENDED"}
[2026-06-21T10:59:50.474Z] [INFO] Info request status toggled | Context: {"requestId":"8b9b1c41-1eeb-438a-9e84-44404f53e611","status":"NEW"}
[2026-06-21T10:59:50.476Z] [INFO] Menu item created | Context: {"label":"New Dynamic Link","href":"/dynamic-path"}
[2026-06-21T10:59:50.481Z] [INFO] Article active status toggled | Context: {"articleId":"b6b4ec6d-4dbf-4a7e-8cef-00cd99aa0e26","isActive":false}
[2026-06-21T10:59:50.485Z] [ERROR] Menu item creation failed | Context: {"label":"Dynamic Link unauthorized","error":"No autorizado. Se requiere rol de administrador."}
[2026-06-21T10:59:50.488Z] [INFO] Article active status toggled | Context: {"articleId":"b6b4ec6d-4dbf-4a7e-8cef-00cd99aa0e26","isActive":true}
[2026-06-21T10:59:50.489Z] [INFO] Menu item updated | Context: {"id":"91e0bd37-e681-4d76-865d-adddc068fb47","label":"Test Link 1 (Updated)","href":"/test-1-updated"}
[2026-06-21T10:59:50.489Z] [INFO] ERP sync batch processed successfully | Context: {"batchId":"52717bc5-3f2f-4c0e-8879-f59c67b5a2e4","count":1,"progress":"1/1"}
[2026-06-21T10:59:50.489Z] [INFO] ERP sync checking deactivations | Context: {"batchId":"52717bc5-3f2f-4c0e-8879-f59c67b5a2e4"}
[2026-06-21T10:59:50.489Z] [INFO] B2C User registered successfully | Context: {"email":"test-b2c-actions@example.com","userId":"13789abd-5a66-4f76-b7e7-0f1c821081fe"}
[2026-06-21T10:59:50.491Z] [ERROR] Article active status toggle failed | Context: {"articleId":"b6b4ec6d-4dbf-4a7e-8cef-00cd99aa0e26","error":"No autorizado. Se requiere rol de administrador."}
[2026-06-21T10:59:50.492Z] [INFO] ERP sync finished | Context: {"batchId":"52717bc5-3f2f-4c0e-8879-f59c67b5a2e4","success":true,"successCount":1,"errorCount":0}
[2026-06-21T10:59:50.494Z] [INFO] Menu item status toggled | Context: {"id":"2122dba0-b27b-4457-8b5e-8cf87b7dbe4d","isActive":true}
[2026-06-21T10:59:50.495Z] [INFO] Articles active status bulk toggled | Context: {"count":1,"isActive":false}
[2026-06-21T10:59:50.497Z] [ERROR] Error revalidando rutas tras importación exitosa | Context: {"batchId":"52717bc5-3f2f-4c0e-8879-f59c67b5a2e4","error":"Invariant: static generation store missing in revalidatePath /"}
[2026-06-21T10:59:50.499Z] [INFO] Articles active status bulk toggled | Context: {"count":1,"isActive":true}
[2026-06-21T10:59:50.499Z] [INFO] Menu item status toggled | Context: {"id":"2122dba0-b27b-4457-8b5e-8cf87b7dbe4d","isActive":false}
[2026-06-21T10:59:50.502Z] [ERROR] Articles active status bulk toggle failed | Context: {"count":1,"error":"No autorizado. Se requiere rol de administrador."}
[2026-06-21T10:59:50.506Z] [INFO] Menu item deleted | Context: {"id":"d52da62a-d7dd-43a5-a1f8-8982bf0cff8b"}
[2026-06-21T10:59:50.508Z] [INFO] ERP sync started | Context: {"batchId":"1835c178-189e-4859-b452-097c181e6e34","fileName":"test-import-deact.csv","fileType":"CSV","totalRows":1}
[2026-06-21T10:59:50.522Z] [INFO] ERP sync batch processed successfully | Context: {"batchId":"1835c178-189e-4859-b452-097c181e6e34","count":1,"progress":"1/1"}
[2026-06-21T10:59:50.522Z] [INFO] ERP sync checking deactivations | Context: {"batchId":"1835c178-189e-4859-b452-097c181e6e34"}
[2026-06-21T10:59:50.525Z] [INFO] Favorite status toggled | Context: {"userId":"e0494347-6142-455b-9923-36e9e140dee7","articleId":"43f36d2e-b107-4396-9352-dfdc155cda72","isFavorited":true}
[2026-06-21T10:59:50.526Z] [INFO] ERP sync finished | Context: {"batchId":"1835c178-189e-4859-b452-097c181e6e34","success":true,"successCount":1,"errorCount":0}
[2026-06-21T10:59:50.528Z] [ERROR] Error revalidando rutas tras importación exitosa | Context: {"batchId":"1835c178-189e-4859-b452-097c181e6e34","error":"Invariant: static generation store missing in revalidatePath /"}
[2026-06-21T10:59:50.533Z] [INFO] Favorite status toggled | Context: {"userId":"e0494347-6142-455b-9923-36e9e140dee7","articleId":"43f36d2e-b107-4396-9352-dfdc155cda72","isFavorited":false}
[2026-06-21T10:59:50.540Z] [INFO] Info request submitted successfully | Context: {"name":"Catalog Tester","email":"catalog-tester@example.com","articleId":"43f36d2e-b107-4396-9352-dfdc155cda72"}
[2026-06-21T10:59:50.542Z] [INFO] B2B Company registration requested successfully | Context: {"email":"test-b2b-actions@example.com","userId":"210fe229-9a9a-4137-8f9a-1c200054cf2b","companyId":"13d50b8e-1d6a-4086-b72a-d5a48d024636","legalName":"Test B2B Corp","taxId":"A88888888"}
[2026-06-21T10:59:50.555Z] [INFO] B2B account approved by admin | Context: {"userId":"210fe229-9a9a-4137-8f9a-1c200054cf2b","priceListCode":"PRO_7e53c4e5","adminId":"639f8c74-f2e0-4bd5-8c37-a87cd06f429c","companyId":"13d50b8e-1d6a-4086-b72a-d5a48d024636"}
[2026-06-21T11:02:10.387Z] [INFO] Articles active status bulk toggled | Context: {"count":20,"isActive":true}
[2026-06-21T11:05:08.542Z] [INFO] Menu item updated | Context: {"id":"0e17eba9-afce-4fc1-96b0-0081f46b2f10","label":"Tiendas","href":"/tiendas"}
[2026-06-21T11:05:31.628Z] [INFO] Menu item updated | Context: {"id":"798dfc02-e56d-439b-b756-244f66a0b00e","label":"Conócenos","href":"/conocenos"}
[2026-06-21T11:05:48.593Z] [INFO] Menu item updated | Context: {"id":"6415daa1-b824-41c8-b058-e417b29eb29d","label":"Contacto","href":"/contacto"}
[2026-06-21T11:06:04.557Z] [INFO] Menu item updated | Context: {"id":"798dfc02-e56d-439b-b756-244f66a0b00e","label":"Conócenos","href":"/conocenos"}
[2026-06-21T11:08:58.595Z] [INFO] Test message for Vitest 0.6942476074422392 | Context: {"testKey":"testVal"}
[2026-06-21T11:08:58.597Z] [ERROR] Test error message for Vitest 0.9764570225068356
[2026-06-21T11:08:58.915Z] [INFO] ERP sync started | Context: {"batchId":"3d0639ee-7d37-4946-bd8d-1a0f725fbe42","fileName":"test-import.csv","fileType":"CSV","totalRows":1}
[2026-06-21T11:08:58.927Z] [INFO] Menu item created | Context: {"label":"New Dynamic Link","href":"/dynamic-path"}
[2026-06-21T11:08:58.934Z] [ERROR] Menu item creation failed | Context: {"label":"Dynamic Link unauthorized","error":"No autorizado. Se requiere rol de administrador."}
[2026-06-21T11:08:58.936Z] [INFO] ERP sync batch processed successfully | Context: {"batchId":"3d0639ee-7d37-4946-bd8d-1a0f725fbe42","count":1,"progress":"1/1"}
[2026-06-21T11:08:58.937Z] [INFO] ERP sync checking deactivations | Context: {"batchId":"3d0639ee-7d37-4946-bd8d-1a0f725fbe42"}
[2026-06-21T11:08:58.937Z] [INFO] Info request status toggled | Context: {"requestId":"cbd3d9cf-3a5c-42d9-865f-2b44503943f3","status":"ATTENDED"}
[2026-06-21T11:08:58.939Z] [INFO] Menu item updated | Context: {"id":"ae121505-e2bc-480e-a853-2046090216bd","label":"Test Link 1 (Updated)","href":"/test-1-updated"}
[2026-06-21T11:08:58.944Z] [INFO] ERP sync finished | Context: {"batchId":"3d0639ee-7d37-4946-bd8d-1a0f725fbe42","success":true,"successCount":1,"errorCount":0}
[2026-06-21T11:08:58.943Z] [INFO] Info request status toggled | Context: {"requestId":"cbd3d9cf-3a5c-42d9-865f-2b44503943f3","status":"NEW"}
[2026-06-21T11:08:58.945Z] [INFO] Menu item status toggled | Context: {"id":"4dd12f0f-1288-4fac-ac2c-8a1611c68fb9","isActive":true}
[2026-06-21T11:08:58.947Z] [ERROR] Error revalidando rutas tras importación exitosa | Context: {"batchId":"3d0639ee-7d37-4946-bd8d-1a0f725fbe42","error":"Invariant: static generation store missing in revalidatePath /"}
[2026-06-21T11:08:58.949Z] [INFO] Article active status toggled | Context: {"articleId":"d3f31fd4-ba63-4d7d-bc94-eae3b4001564","isActive":false}
[2026-06-21T11:08:58.951Z] [INFO] Menu item status toggled | Context: {"id":"4dd12f0f-1288-4fac-ac2c-8a1611c68fb9","isActive":false}
[2026-06-21T11:08:58.955Z] [INFO] Article active status toggled | Context: {"articleId":"d3f31fd4-ba63-4d7d-bc94-eae3b4001564","isActive":true}
[2026-06-21T11:08:58.956Z] [INFO] B2C User registered successfully | Context: {"email":"test-b2c-actions@example.com","userId":"065f6dde-9d9a-46f4-9926-19547632c5d1"}
[2026-06-21T11:08:58.957Z] [ERROR] Article active status toggle failed | Context: {"articleId":"d3f31fd4-ba63-4d7d-bc94-eae3b4001564","error":"No autorizado. Se requiere rol de administrador."}
[2026-06-21T11:08:58.959Z] [INFO] ERP sync started | Context: {"batchId":"3cff7f1d-8d0c-43f9-83e9-6962af96b261","fileName":"test-import-deact.csv","fileType":"CSV","totalRows":1}
[2026-06-21T11:08:58.960Z] [INFO] Menu item deleted | Context: {"id":"a28eb6f4-d723-4984-87e4-55b737238b30"}
[2026-06-21T11:08:58.961Z] [INFO] Articles active status bulk toggled | Context: {"count":1,"isActive":false}
[2026-06-21T11:08:58.965Z] [INFO] Articles active status bulk toggled | Context: {"count":1,"isActive":true}
[2026-06-21T11:08:58.967Z] [ERROR] Articles active status bulk toggle failed | Context: {"count":1,"error":"No autorizado. Se requiere rol de administrador."}
[2026-06-21T11:08:58.974Z] [INFO] ERP sync batch processed successfully | Context: {"batchId":"3cff7f1d-8d0c-43f9-83e9-6962af96b261","count":1,"progress":"1/1"}
[2026-06-21T11:08:58.975Z] [INFO] ERP sync checking deactivations | Context: {"batchId":"3cff7f1d-8d0c-43f9-83e9-6962af96b261"}
[2026-06-21T11:08:58.978Z] [INFO] ERP sync finished | Context: {"batchId":"3cff7f1d-8d0c-43f9-83e9-6962af96b261","success":true,"successCount":1,"errorCount":0}
[2026-06-21T11:08:58.981Z] [INFO] Favorite status toggled | Context: {"userId":"731316a4-dbd6-47eb-87fc-e8cff123fe92","articleId":"29c5ea48-be66-42ec-aa5c-cb9ee69c3e1c","isFavorited":true}
[2026-06-21T11:08:58.982Z] [ERROR] Error revalidando rutas tras importación exitosa | Context: {"batchId":"3cff7f1d-8d0c-43f9-83e9-6962af96b261","error":"Invariant: static generation store missing in revalidatePath /"}
[2026-06-21T11:08:58.990Z] [INFO] Favorite status toggled | Context: {"userId":"731316a4-dbd6-47eb-87fc-e8cff123fe92","articleId":"29c5ea48-be66-42ec-aa5c-cb9ee69c3e1c","isFavorited":false}
[2026-06-21T11:08:58.997Z] [INFO] Info request submitted successfully | Context: {"name":"Catalog Tester","email":"catalog-tester@example.com","articleId":"29c5ea48-be66-42ec-aa5c-cb9ee69c3e1c"}
[2026-06-21T11:08:59.013Z] [INFO] B2B Company registration requested successfully | Context: {"email":"test-b2b-actions@example.com","userId":"8f6ccffc-8225-4576-8dc7-b771877aebff","companyId":"b557e051-ea82-4a4d-9c5f-6b36d2508b7a","legalName":"Test B2B Corp","taxId":"A88888888"}
[2026-06-21T11:08:59.028Z] [INFO] B2B account approved by admin | Context: {"userId":"8f6ccffc-8225-4576-8dc7-b771877aebff","priceListCode":"PRO_e416bdcd","adminId":"d12cb61f-b5d4-46de-881c-1ab75035a9ae","companyId":"b557e051-ea82-4a4d-9c5f-6b36d2508b7a"}
[2026-06-21T11:10:30.998Z] [INFO] Family deleted | Context: {"id":"72eac2af-ff5f-4d66-b0c2-e17dbcc791d7"}
[2026-06-21T11:11:01.664Z] [INFO] Articles active status bulk toggled | Context: {"count":20,"isActive":true}
[2026-06-21T12:24:54.491Z] [INFO] Info request submitted successfully | Context: {"name":"MARLON RODRIGUEZ TOLEDO","email":"Marlon.mrt@gmail.com","articleId":"4522cb3a-e071-4500-8e6e-d74c0981c030"}
[2026-06-21T14:55:02.999Z] [INFO] Menu item created | Context: {"label":"Productos","href":"/articulos"}
[2026-06-21T14:55:20.717Z] [INFO] Menu item created | Context: {"label":"Baños","href":"/familias/banos"}
[2026-06-21T14:55:52.567Z] [INFO] Menu item created | Context: {"label":"Cerámicas","href":"/familias/ceramicas"}
[2026-06-21T14:56:00.125Z] [INFO] Menu item created | Context: {"label":"Climatización","href":"/familias/climatizacion"}
[2026-06-21T14:56:08.804Z] [INFO] Menu item created | Context: {"label":"Construcción","href":"/familias/construccion"}
[2026-06-21T14:56:15.739Z] [INFO] Menu item created | Context: {"label":"Hogar y Electrodomésticos","href":"/familias/hogar-electrodomesticos"}
[2026-06-21T14:56:27.027Z] [INFO] Menu item created | Context: {"label":"Sellado y Fijación","href":"/familias/sellado-fijacion"}
[2026-06-21T15:02:35.421Z] [INFO] Menu item created | Context: {"label":"Climatización","href":"/familias/climatizacion"}
[2026-06-21T15:02:39.559Z] [INFO] Menu item deleted | Context: {"id":"32b78ff9-0a96-43b9-a655-673882910969"}
[2026-06-21T15:02:57.469Z] [INFO] Menu item updated | Context: {"id":"2e1f92c8-6e2d-465b-979c-844a19259bbd","label":"Ofertas","href":"/articulos"}
[2026-06-21T15:05:01.343Z] [INFO] Info request status toggled | Context: {"requestId":"5bf5f3af-d8a4-4a86-a632-d98712e9faae","status":"ATTENDED"}
[2026-06-21T16:56:47.414Z] [ERROR] B2C registration failed | Context: {"email":"anddres@gmail.com","error":"Read more at https://errors.authjs.dev#credentialssignin"}
[2026-06-21T16:57:43.616Z] [INFO] B2B Company registration requested successfully | Context: {"email":"andres@gmail.com","userId":"ef63d501-6de1-465e-abf0-e448a41d6a1a","companyId":"928426b8-1692-4f28-b006-d19285c40db3","legalName":"construc","taxId":"B1555455"}
[2026-06-21T16:57:57.077Z] [ERROR] B2B account approval failed | Context: {"userId":"ef63d501-6de1-465e-abf0-e448a41d6a1a","priceListCode":"PRO_01","adminId":"6138c6b8-6b6a-4b41-9f16-8d98cf03272d","error":"Failed query: update \"companies\" set \"price_list_code\" = $1, \"approved_at\" = $2, \"approved_by_user_id\" = $3 where \"companies\".\"id\" = $4\nparams: PRO_01,2026-06-21T16:57:57.075Z,6138c6b8-6b6a-4b41-9f16-8d98cf03272d,928426b8-1692-4f28-b006-d19285c40db3"}
[2026-06-21T16:57:59.381Z] [ERROR] B2B account approval failed | Context: {"userId":"ef63d501-6de1-465e-abf0-e448a41d6a1a","priceListCode":"PRO_01","adminId":"6138c6b8-6b6a-4b41-9f16-8d98cf03272d","error":"Failed query: update \"companies\" set \"price_list_code\" = $1, \"approved_at\" = $2, \"approved_by_user_id\" = $3 where \"companies\".\"id\" = $4\nparams: PRO_01,2026-06-21T16:57:59.379Z,6138c6b8-6b6a-4b41-9f16-8d98cf03272d,928426b8-1692-4f28-b006-d19285c40db3"}
[2026-06-21T17:00:49.727Z] [ERROR] B2B account approval failed | Context: {"userId":"ef63d501-6de1-465e-abf0-e448a41d6a1a","priceListCode":"PRO_01","adminId":"6138c6b8-6b6a-4b41-9f16-8d98cf03272d","error":"Failed query: update \"companies\" set \"price_list_code\" = $1, \"approved_at\" = $2, \"approved_by_user_id\" = $3 where \"companies\".\"id\" = $4\nparams: PRO_01,2026-06-21T17:00:49.718Z,6138c6b8-6b6a-4b41-9f16-8d98cf03272d,928426b8-1692-4f28-b006-d19285c40db3"}
[2026-06-21T17:02:26.755Z] [ERROR] B2B account approval failed | Context: {"userId":"ef63d501-6de1-465e-abf0-e448a41d6a1a","priceListCode":"PRO_01","adminId":"6138c6b8-6b6a-4b41-9f16-8d98cf03272d","error":"Failed query: update \"companies\" set \"price_list_code\" = $1, \"approved_at\" = $2, \"approved_by_user_id\" = $3 where \"companies\".\"id\" = $4\nparams: PRO_01,2026-06-21T17:02:26.752Z,6138c6b8-6b6a-4b41-9f16-8d98cf03272d,928426b8-1692-4f28-b006-d19285c40db3"}
[2026-06-21T17:02:36.250Z] [ERROR] B2B account approval failed | Context: {"userId":"ef63d501-6de1-465e-abf0-e448a41d6a1a","priceListCode":"PRO_01","adminId":"6138c6b8-6b6a-4b41-9f16-8d98cf03272d","error":"Failed query: update \"companies\" set \"price_list_code\" = $1, \"approved_at\" = $2, \"approved_by_user_id\" = $3 where \"companies\".\"id\" = $4\nparams: PRO_01,2026-06-21T17:02:36.248Z,6138c6b8-6b6a-4b41-9f16-8d98cf03272d,928426b8-1692-4f28-b006-d19285c40db3"}
[2026-06-21T17:02:46.450Z] [INFO] B2B account rejected | Context: {"userId":"ef63d501-6de1-465e-abf0-e448a41d6a1a"}
[2026-06-21T17:03:53.137Z] [INFO] B2B Company registration requested successfully | Context: {"email":"carl@gmai.com","userId":"6ca68fd3-08d0-4c9f-b8ac-2b5b0ffe0282","companyId":"cce8b159-a063-4f45-9d89-79d55fb32013","legalName":"okok","taxId":"B1555469"}
[2026-06-21T17:04:00.993Z] [ERROR] B2B account approval failed | Context: {"userId":"6ca68fd3-08d0-4c9f-b8ac-2b5b0ffe0282","priceListCode":"PRO_01","adminId":"6138c6b8-6b6a-4b41-9f16-8d98cf03272d","error":"Failed query: update \"companies\" set \"price_list_code\" = $1, \"approved_at\" = $2, \"approved_by_user_id\" = $3 where \"companies\".\"id\" = $4\nparams: PRO_01,2026-06-21T17:04:00.990Z,6138c6b8-6b6a-4b41-9f16-8d98cf03272d,cce8b159-a063-4f45-9d89-79d55fb32013"}
[2026-06-21T17:06:14.340Z] [ERROR] B2B account approval failed | Context: {"userId":"6ca68fd3-08d0-4c9f-b8ac-2b5b0ffe0282","priceListCode":"PRO_01","adminId":"6138c6b8-6b6a-4b41-9f16-8d98cf03272d","error":"Failed query: update \"companies\" set \"price_list_code\" = $1, \"approved_at\" = $2, \"approved_by_user_id\" = $3 where \"companies\".\"id\" = $4\nparams: PRO_01,2026-06-21T17:06:14.338Z,6138c6b8-6b6a-4b41-9f16-8d98cf03272d,cce8b159-a063-4f45-9d89-79d55fb32013"}
[2026-06-21T17:06:25.000Z] [ERROR] B2B account approval failed | Context: {"userId":"6ca68fd3-08d0-4c9f-b8ac-2b5b0ffe0282","priceListCode":"PRO_02","adminId":"6138c6b8-6b6a-4b41-9f16-8d98cf03272d","error":"Failed query: update \"companies\" set \"price_list_code\" = $1, \"approved_at\" = $2, \"approved_by_user_id\" = $3 where \"companies\".\"id\" = $4\nparams: PRO_02,2026-06-21T17:06:24.999Z,6138c6b8-6b6a-4b41-9f16-8d98cf03272d,cce8b159-a063-4f45-9d89-79d55fb32013"}
[2026-06-21T17:06:33.796Z] [ERROR] B2B account approval failed | Context: {"userId":"6ca68fd3-08d0-4c9f-b8ac-2b5b0ffe0282","priceListCode":"PRO_03","adminId":"6138c6b8-6b6a-4b41-9f16-8d98cf03272d","error":"Failed query: update \"companies\" set \"price_list_code\" = $1, \"approved_at\" = $2, \"approved_by_user_id\" = $3 where \"companies\".\"id\" = $4\nparams: PRO_03,2026-06-21T17:06:33.794Z,6138c6b8-6b6a-4b41-9f16-8d98cf03272d,cce8b159-a063-4f45-9d89-79d55fb32013"}
[2026-06-21T17:08:33.480Z] [INFO] Test message for Vitest 0.3095360475474662 | Context: {"testKey":"testVal"}
[2026-06-21T17:08:33.483Z] [ERROR] Test error message for Vitest 0.6083885437063404
[2026-06-21T17:08:33.815Z] [INFO] ERP sync started | Context: {"batchId":"07cd80b3-7bf3-4fde-900b-01517a71f882","fileName":"test-import.csv","fileType":"CSV","totalRows":1}
[2026-06-21T17:08:33.826Z] [INFO] Menu item created | Context: {"label":"New Dynamic Link","href":"/dynamic-path"}
[2026-06-21T17:08:33.833Z] [ERROR] Menu item creation failed | Context: {"label":"Dynamic Link unauthorized","error":"No autorizado. Se requiere rol de administrador."}
[2026-06-21T17:08:33.833Z] [INFO] Info request status toggled | Context: {"requestId":"bc8f6bb1-45b1-4ba3-872c-2ccacc3945d1","status":"ATTENDED"}
[2026-06-21T17:08:33.836Z] [INFO] ERP sync batch processed successfully | Context: {"batchId":"07cd80b3-7bf3-4fde-900b-01517a71f882","count":1,"progress":"1/1"}
[2026-06-21T17:08:33.837Z] [INFO] ERP sync checking deactivations | Context: {"batchId":"07cd80b3-7bf3-4fde-900b-01517a71f882"}
[2026-06-21T17:08:33.838Z] [INFO] Menu item updated | Context: {"id":"60d5ec26-f358-4b9a-922a-18684329e115","label":"Test Link 1 (Updated)","href":"/test-1-updated"}
[2026-06-21T17:08:33.841Z] [INFO] Info request status toggled | Context: {"requestId":"bc8f6bb1-45b1-4ba3-872c-2ccacc3945d1","status":"NEW"}
[2026-06-21T17:08:33.842Z] [INFO] B2C User registered successfully | Context: {"email":"test-b2c-actions@example.com","userId":"bc673922-d25a-436f-9ede-f0112052a438"}
[2026-06-21T17:08:33.844Z] [INFO] Menu item status toggled | Context: {"id":"c8409fb1-3121-4def-8cb7-7d650a2025ac","isActive":true}
[2026-06-21T17:08:33.845Z] [INFO] ERP sync finished | Context: {"batchId":"07cd80b3-7bf3-4fde-900b-01517a71f882","success":true,"successCount":1,"errorCount":0}
[2026-06-21T17:08:33.847Z] [INFO] Article active status toggled | Context: {"articleId":"4ab6d0af-66e3-4a48-b2f3-67675e992c0f","isActive":false}
[2026-06-21T17:08:33.849Z] [INFO] Menu item status toggled | Context: {"id":"c8409fb1-3121-4def-8cb7-7d650a2025ac","isActive":false}
[2026-06-21T17:08:33.851Z] [ERROR] Error revalidando rutas tras importación exitosa | Context: {"batchId":"07cd80b3-7bf3-4fde-900b-01517a71f882","error":"Invariant: static generation store missing in revalidatePath /"}
[2026-06-21T17:08:33.853Z] [INFO] Article active status toggled | Context: {"articleId":"4ab6d0af-66e3-4a48-b2f3-67675e992c0f","isActive":true}
[2026-06-21T17:08:33.855Z] [ERROR] Article active status toggle failed | Context: {"articleId":"4ab6d0af-66e3-4a48-b2f3-67675e992c0f","error":"No autorizado. Se requiere rol de administrador."}
[2026-06-21T17:08:33.858Z] [INFO] Menu item deleted | Context: {"id":"08eacdd4-2953-4b41-b5f3-90f77d258847"}
[2026-06-21T17:08:33.860Z] [INFO] Articles active status bulk toggled | Context: {"count":1,"isActive":false}
[2026-06-21T17:08:33.862Z] [INFO] Favorite status toggled | Context: {"userId":"41a6ca9d-1c61-44a9-bc37-6e01a6364940","articleId":"2f27a66a-1945-4161-ab88-a33ce13a9213","isFavorited":true}
[2026-06-21T17:08:33.865Z] [INFO] ERP sync started | Context: {"batchId":"49318565-eb33-4f59-bce9-4eca0607f4bf","fileName":"test-import-deact.csv","fileType":"CSV","totalRows":1}
[2026-06-21T17:08:33.866Z] [INFO] Articles active status bulk toggled | Context: {"count":1,"isActive":true}
[2026-06-21T17:08:33.868Z] [ERROR] Articles active status bulk toggle failed | Context: {"count":1,"error":"No autorizado. Se requiere rol de administrador."}
[2026-06-21T17:08:33.874Z] [INFO] Favorite status toggled | Context: {"userId":"41a6ca9d-1c61-44a9-bc37-6e01a6364940","articleId":"2f27a66a-1945-4161-ab88-a33ce13a9213","isFavorited":false}
[2026-06-21T17:08:33.880Z] [INFO] Info request submitted successfully | Context: {"name":"Catalog Tester","email":"catalog-tester@example.com","articleId":"2f27a66a-1945-4161-ab88-a33ce13a9213"}
[2026-06-21T17:08:33.886Z] [INFO] ERP sync batch processed successfully | Context: {"batchId":"49318565-eb33-4f59-bce9-4eca0607f4bf","count":1,"progress":"1/1"}
[2026-06-21T17:08:33.886Z] [INFO] ERP sync checking deactivations | Context: {"batchId":"49318565-eb33-4f59-bce9-4eca0607f4bf"}
[2026-06-21T17:08:33.891Z] [INFO] ERP sync finished | Context: {"batchId":"49318565-eb33-4f59-bce9-4eca0607f4bf","success":true,"successCount":1,"errorCount":0}
[2026-06-21T17:08:33.895Z] [ERROR] Error revalidando rutas tras importación exitosa | Context: {"batchId":"49318565-eb33-4f59-bce9-4eca0607f4bf","error":"Invariant: static generation store missing in revalidatePath /"}
[2026-06-21T17:08:33.896Z] [INFO] B2B Company registration requested successfully | Context: {"email":"test-b2b-actions@example.com","userId":"d144a7b8-9ba7-4662-b5bd-918d3ea7de07","companyId":"5e3d1ad9-9b3b-469d-8c45-751f24c6f7bd","legalName":"Test B2B Corp","taxId":"A88888888"}
[2026-06-21T17:08:33.916Z] [INFO] B2B account approved by admin | Context: {"userId":"d144a7b8-9ba7-4662-b5bd-918d3ea7de07","priceListCode":"PRO_61c876df","adminId":"4e027953-6dbb-496a-acec-56c29ae28f4f","companyId":"5e3d1ad9-9b3b-469d-8c45-751f24c6f7bd"}
[2026-06-21T17:11:17.508Z] [WARN] User login failed | Context: {"email":"admin@ferreteria.local","error":"Read more at https://errors.authjs.dev#credentialssignin"}
[2026-06-21T17:11:27.139Z] [WARN] User login failed | Context: {"email":"admin@ferreteria.local","error":"Read more at https://errors.authjs.dev#credentialssignin"}
[2026-06-21T17:11:36.775Z] [WARN] User login failed | Context: {"email":"admin@ferreteria.local","error":"Read more at https://errors.authjs.dev#credentialssignin"}
[2026-06-21T17:13:17.573Z] [WARN] User login failed | Context: {"email":"admin@ferreteria.local","error":"Read more at https://errors.authjs.dev#credentialssignin"}
[2026-06-21T17:13:20.268Z] [WARN] User login failed | Context: {"email":"admin@ferreteria.local","error":"Read more at https://errors.authjs.dev#credentialssignin"}
[2026-06-21T17:13:40.083Z] [WARN] User login failed | Context: {"email":"admin@ferreteria.local","error":"Read more at https://errors.authjs.dev#credentialssignin"}
[2026-06-21T17:13:42.606Z] [WARN] User login failed | Context: {"email":"admin@ferreteria.local","error":"Read more at https://errors.authjs.dev#credentialssignin"}
[2026-06-21T17:15:06.291Z] [INFO] B2C User registered successfully | Context: {"email":"test-b2c-actions@example.com","userId":"e0e31702-ab42-4dfb-a696-476f24d5ea93"}
[2026-06-21T17:15:06.344Z] [INFO] B2B Company registration requested successfully | Context: {"email":"test-b2b-actions@example.com","userId":"a5a2af22-8d8c-4cc0-93fd-41a8980a3476","companyId":"db73dc37-e0e5-4636-8202-81e4e8919778","legalName":"Test B2B Corp","taxId":"A88888888"}
[2026-06-21T17:15:06.360Z] [INFO] B2B account approved by admin | Context: {"userId":"a5a2af22-8d8c-4cc0-93fd-41a8980a3476","priceListCode":"PRO_a8e68fb3","adminId":"9513eead-ec43-4043-887d-2b6ede43deba","companyId":"db73dc37-e0e5-4636-8202-81e4e8919778"}
[2026-06-21T17:15:11.645Z] [INFO] Test message for Vitest 0.7552528352493 | Context: {"testKey":"testVal"}
[2026-06-21T17:15:11.647Z] [ERROR] Test error message for Vitest 0.11385102746188813
[2026-06-21T17:15:11.976Z] [INFO] Info request status toggled | Context: {"requestId":"bfb9adf9-7c61-4609-bb54-370716f12fe2","status":"ATTENDED"}
[2026-06-21T17:15:11.980Z] [INFO] ERP sync started | Context: {"batchId":"aec8f6e1-d2d5-49bb-8c3a-25f2f48a5977","fileName":"test-import.csv","fileType":"CSV","totalRows":1}
[2026-06-21T17:15:11.981Z] [INFO] Info request status toggled | Context: {"requestId":"bfb9adf9-7c61-4609-bb54-370716f12fe2","status":"NEW"}
[2026-06-21T17:15:11.983Z] [INFO] Menu item created | Context: {"label":"New Dynamic Link","href":"/dynamic-path"}
[2026-06-21T17:15:11.986Z] [INFO] Article active status toggled | Context: {"articleId":"c4f11bf8-8225-4498-80ed-6ab807696a4f","isActive":false}
[2026-06-21T17:15:11.990Z] [ERROR] Menu item creation failed | Context: {"label":"Dynamic Link unauthorized","error":"No autorizado. Se requiere rol de administrador."}
[2026-06-21T17:15:11.991Z] [INFO] Article active status toggled | Context: {"articleId":"c4f11bf8-8225-4498-80ed-6ab807696a4f","isActive":true}
[2026-06-21T17:15:11.993Z] [INFO] Menu item updated | Context: {"id":"9b620594-bad7-4254-857e-179e2b14ce1c","label":"Test Link 1 (Updated)","href":"/test-1-updated"}
[2026-06-21T17:15:11.993Z] [ERROR] Article active status toggle failed | Context: {"articleId":"c4f11bf8-8225-4498-80ed-6ab807696a4f","error":"No autorizado. Se requiere rol de administrador."}
[2026-06-21T17:15:11.994Z] [INFO] B2C User registered successfully | Context: {"email":"test-b2c-actions@example.com","userId":"2d2dd8f4-fd22-4935-a9de-9ff9dd8ebe10"}
[2026-06-21T17:15:11.997Z] [INFO] Articles active status bulk toggled | Context: {"count":1,"isActive":false}
[2026-06-21T17:15:11.998Z] [INFO] Menu item status toggled | Context: {"id":"17c726c8-e137-4d37-8150-af4cab65d4c6","isActive":true}
[2026-06-21T17:15:12.002Z] [INFO] ERP sync batch processed successfully | Context: {"batchId":"aec8f6e1-d2d5-49bb-8c3a-25f2f48a5977","count":1,"progress":"1/1"}
[2026-06-21T17:15:12.003Z] [INFO] ERP sync checking deactivations | Context: {"batchId":"aec8f6e1-d2d5-49bb-8c3a-25f2f48a5977"}
[2026-06-21T17:15:12.002Z] [INFO] Articles active status bulk toggled | Context: {"count":1,"isActive":true}
[2026-06-21T17:15:12.003Z] [INFO] Menu item status toggled | Context: {"id":"17c726c8-e137-4d37-8150-af4cab65d4c6","isActive":false}
[2026-06-21T17:15:12.005Z] [ERROR] Articles active status bulk toggle failed | Context: {"count":1,"error":"No autorizado. Se requiere rol de administrador."}
[2026-06-21T17:15:12.006Z] [INFO] ERP sync finished | Context: {"batchId":"aec8f6e1-d2d5-49bb-8c3a-25f2f48a5977","success":true,"successCount":1,"errorCount":0}
[2026-06-21T17:15:12.011Z] [ERROR] Error revalidando rutas tras importación exitosa | Context: {"batchId":"aec8f6e1-d2d5-49bb-8c3a-25f2f48a5977","error":"Invariant: static generation store missing in revalidatePath /"}
[2026-06-21T17:15:12.013Z] [INFO] Menu item deleted | Context: {"id":"25ebef67-0234-47b1-be33-eaf380f27887"}
[2026-06-21T17:15:12.023Z] [INFO] ERP sync started | Context: {"batchId":"5c42a227-2c84-4423-9e88-774648d29eae","fileName":"test-import-deact.csv","fileType":"CSV","totalRows":1}
[2026-06-21T17:15:12.033Z] [INFO] Favorite status toggled | Context: {"userId":"f13708ef-f0c2-40f1-a44d-909ae9f5627b","articleId":"b3d8eb0c-78e4-433f-8bff-d2bad6ba9b7d","isFavorited":true}
[2026-06-21T17:15:12.038Z] [INFO] ERP sync batch processed successfully | Context: {"batchId":"5c42a227-2c84-4423-9e88-774648d29eae","count":1,"progress":"1/1"}
[2026-06-21T17:15:12.039Z] [INFO] ERP sync checking deactivations | Context: {"batchId":"5c42a227-2c84-4423-9e88-774648d29eae"}
[2026-06-21T17:15:12.042Z] [INFO] Favorite status toggled | Context: {"userId":"f13708ef-f0c2-40f1-a44d-909ae9f5627b","articleId":"b3d8eb0c-78e4-433f-8bff-d2bad6ba9b7d","isFavorited":false}
[2026-06-21T17:15:12.043Z] [INFO] ERP sync finished | Context: {"batchId":"5c42a227-2c84-4423-9e88-774648d29eae","success":true,"successCount":1,"errorCount":0}
[2026-06-21T17:15:12.046Z] [ERROR] Error revalidando rutas tras importación exitosa | Context: {"batchId":"5c42a227-2c84-4423-9e88-774648d29eae","error":"Invariant: static generation store missing in revalidatePath /"}
[2026-06-21T17:15:12.047Z] [INFO] B2B Company registration requested successfully | Context: {"email":"test-b2b-actions@example.com","userId":"4c0a1053-8355-48d4-93bc-c3e7d4c49216","companyId":"4e837c9e-313c-4d8b-a245-3ae54e81782f","legalName":"Test B2B Corp","taxId":"A88888888"}
[2026-06-21T17:15:12.049Z] [INFO] Info request submitted successfully | Context: {"name":"Catalog Tester","email":"catalog-tester@example.com","articleId":"b3d8eb0c-78e4-433f-8bff-d2bad6ba9b7d"}
[2026-06-21T17:15:12.062Z] [INFO] B2B account approved by admin | Context: {"userId":"4c0a1053-8355-48d4-93bc-c3e7d4c49216","priceListCode":"PRO_b645ce4f","adminId":"86961c82-f16e-4142-9951-8e3e18d323cc","companyId":"4e837c9e-313c-4d8b-a245-3ae54e81782f"}
[2026-06-21T17:30:39.479Z] [INFO] User login successful | Context: {"email":"admin@ferreteria.local"}
[2026-06-22T00:16:30.087Z] [INFO] Articles active status bulk toggled | Context: {"count":20,"isActive":true}
[2026-06-22T11:37:47.712Z] [INFO] Info request submitted successfully | Context: {"name":"MARLON RODRIGUEZ TOLEDO","email":"Marlon.mrt@gmail.com","articleId":"93559630-b834-42b2-ab0f-7a7726cd5235"}
[2026-06-22T11:43:03.607Z] [INFO] User login successful | Context: {"email":"admin@ferreteria.local"}
[2026-06-22T11:43:20.277Z] [INFO] Family deleted | Context: {"id":"5e5c8ac9-04f9-4175-b1b1-1bc939728e5b"}
[2026-06-22T11:44:03.807Z] [ERROR] B2C registration failed | Context: {"email":"asd@asd.om","error":"Read more at https://errors.authjs.dev#credentialssignin"}
[2026-06-22T11:44:25.218Z] [INFO] B2C User registered successfully | Context: {"email":"asdasd@sdsd.ocm","userId":"fdc34d85-a4eb-4a17-a4cf-1829552686c2"}
[2026-06-22T11:47:23.945Z] [INFO] B2B Company registration requested successfully | Context: {"email":"revdfsdsd@asdf.com","userId":"3e850c8e-b393-427e-b01f-f3b8dad4407d","companyId":"739a3ae8-f4d0-40d5-a2a6-42332c6ba1e7","legalName":"construc","taxId":"B1555469"}
[2026-06-22T11:47:38.345Z] [INFO] B2B account approved by admin | Context: {"userId":"3e850c8e-b393-427e-b01f-f3b8dad4407d","priceListCode":"PRO_01","adminId":"092638b7-dca3-44e6-b807-c49655880122","companyId":"739a3ae8-f4d0-40d5-a2a6-42332c6ba1e7"}
